Exception at PC 0x000007FEFD69A06D
Exception at PC 0x000007FEFD69A06D
Exception at PC 0x000007FEFD69A06D
Exception at PC 0x000007FEFD69A06D
Exception at PC 0x000007FEFD69A06D
Unable to capture context for thread 6568 in process 5732, can not generate back trace
Exception at PC 0x000007FEB425BB93
Printing stacktrace...

Exception at PC 0x000007FEFD69A06D
Exception at PC 0x000007FEFD69A06D
Exception at PC 0x000007FEFD69A06D
Exception at PC 0x000007FEFD69A06D
Exception at PC 0x000007FEFD69A06D
Exception at PC 0x000007FEFD69A06D
Exception at PC 0x000007FEFD69A06D
Exception at PC 0x000007FEFD69A06D
Exception at PC 0x000007FEFD69A06D
Exception at PC 0x000007FEFD69A06D
Exception at PC 0x000007FEFD69A06D
Exception at PC 0x000007FEFD69A06D
Exception at PC 0x000007FEFD69A06D
[0]  [0x000007FEB425BB93]
[1]  [0x000007FEB425BB93]
[2]  [0x000007FEB425B4A1]
[3]  [0x000007FEB425B3EF]
[4]  [0x000007FEB42419FE]
[5]  [0x000007FEB4240ED1]
[6]  [0x000007FEB4240D76]
[7]  [0x000007FEB41E79F6]
[8]  [0x000007FEB41D7AFB]
[9]  [0x000007FEB42FE90A]
[10]  [0x000007FEB4319F87]
[11]  [0x000007FEB431A05F]
[12] (BaseThreadInitThunk+0xd) [0x00000000774759CD]
[13] (RtlUserThreadStart+0x21) [0x00000000776AA561]
Done
