Unable to capture context for thread 8500 in process 4680, can not generate back trace
Unable to capture context for thread 6204 in process 4680, can not generate back trace
Exception at PC 0x00007FFF0A723B29
Unable to capture context for thread 8500 in process 4680, can not generate back trace
Unable to capture context for thread 6204 in process 4680, can not generate back trace
Unable to capture context for thread 14788 in process 4680, can not generate back trace
Exception at PC 0x00007FFE7ED0BB93
Printing stacktrace...

Unable to capture context for thread 14788 in process 4680, can not generate back trace
Exception at PC 0x00007FFF0A723B29
Exception at PC 0x00007FFF0A723B29
Exception at PC 0x00007FFF0A723B29
Exception at PC 0x00007FFF0A723B29
Exception at PC 0x00007FFF0A723B29
Exception at PC 0x00007FFF0A723B29
Exception at PC 0x00007FFF0A723B29
Exception at PC 0x00007FFF0A723B29
Exception at PC 0x00007FFF0A723B29
Exception at PC 0x00007FFF0A723B29
Exception at PC 0x00007FFF0A723B29
Exception at PC 0x00007FFF0A723B29
Exception at PC 0x00007FFF0A723B29
Exception at PC 0x00007FFF0A723B29
Exception at PC 0x00007FFF0A723B29
Exception at PC 0x00007FFF0A723B29
Exception at PC 0x00007FFF0A723B29
[0]  [0x00007FFE7ED0BB93]
[1]  [0x00007FFE7ED0BB93]
[2]  [0x00007FFE7ED0B4A1]
[3]  [0x00007FFE7ED0B3EF]
[4]  [0x00007FFE7ECF19FE]
[5]  [0x00007FFE7ECF0ED1]
[6]  [0x00007FFE7ECF0D76]
[7]  [0x00007FFE7EC979F6]
[8]  [0x00007FFE7EC87AFB]
[9]  [0x00007FFE7EDAE90A]
[10]  [0x00007FFE7EDC9F87]
[11]  [0x00007FFE7EDCA05F]
[12] (BaseThreadInitThunk+0x14) [0x00007FFF0D0C7C24]
[13] (RtlUserThreadStart+0x21) [0x00007FFF0D4ACEA1]
Done
